#
# There is insufficient memory for the Java Runtime Environment to continue.
# Native memory allocation (malloc) failed to allocate 1048576 bytes. Error detail: AllocateHeap
# Possible reasons:
#   The system is out of physical RAM or swap space
#   This process is running with CompressedOops enabled, and the Java Heap may be blocking the growth of the native heap
# Possible solutions:
#   Reduce memory load on the system
#   Increase physical memory or swap space
#   Check if swap backing store is full
#   Decrease Java heap size (-Xmx/-Xms)
#   Decrease number of Java threads
#   Decrease Java thread stack sizes (-Xss)
#   Set larger code cache with -XX:ReservedCodeCacheSize=
#   JVM is running with Unscaled Compressed Oops mode in which the Java heap is
#     placed in the first 4GB address space. The Java Heap base address is the
#     maximum limit for the native heap growth. Please use -XX:HeapBaseMinAddress
#     to set the Java Heap base and to place the Java Heap above 4GB virtual address.
# This output file may be truncated or incomplete.
#
#  Out of Memory Error (allocation.cpp:44), pid=4772, tid=17708
#
# JRE version: OpenJDK Runtime Environment Temurin-21.0.10+7 (21.0.10+7) (build 21.0.10+7-LTS)
# Java VM: OpenJDK 64-Bit Server VM Temurin-21.0.10+7 (21.0.10+7-LTS, mixed mode, sharing, tiered, compressed oops, compressed class ptrs, parallel gc, windows-amd64)
# No core dump will be written. Minidumps are not enabled by default on client versions of Windows
#

---------------  S U M M A R Y ------------

Command Line: --add-modules=ALL-SYSTEM --add-opens=java.base/java.util=ALL-UNNAMED --add-opens=java.base/java.lang=ALL-UNNAMED --add-opens=java.base/sun.nio.fs=ALL-UNNAMED -Declipse.application=org.eclipse.jdt.ls.core.id1 -Dosgi.bundles.defaultStartLevel=4 -Declipse.product=org.eclipse.jdt.ls.core.product -Djava.import.generatesMetadataFilesAtProjectRoot=false -DDetectVMInstallationsJob.disabled=true -Dfile.encoding=utf8 -XX:+UseParallelGC -XX:GCTimeRatio=4 -XX:AdaptiveSizePolicyWeight=90 -Dsun.zip.disableMemoryMapping=true -Xmx2G -Xms100m -Xlog:disable -javaagent:c:\Users\pilla\.vscode\extensions\redhat.java-1.53.0-win32-x64\lombok\lombok-1.18.39-4050.jar -XX:+HeapDumpOnOutOfMemoryError -XX:HeapDumpPath=c:\Users\pilla\AppData\Roaming\Code\User\workspaceStorage\dc355b6259923a07884fe3422ee3ed04\redhat.java -Daether.dependencyCollector.impl=bf c:\Users\pilla\.vscode\extensions\redhat.java-1.53.0-win32-x64\server\plugins\org.eclipse.equinox.launcher_1.7.100.v20251111-0406.jar -configuration c:\Users\pilla\AppData\Roaming\Code\User\globalStorage\redhat.java\1.53.0\config_win -data c:\Users\pilla\AppData\Roaming\Code\User\workspaceStorage\dc355b6259923a07884fe3422ee3ed04\redhat.java\jdt_ws --pipe=\\.\pipe\lsp-cd5a816abffeccf1b2ea71ff05d0b8af-sock

Host: 11th Gen Intel(R) Core(TM) i3-1115G4 @ 3.00GHz, 4 cores, 7G,  Windows 11 , 64 bit Build 26100 (10.0.26100.7920)
Time: Sat Mar 14 04:56:35 2026 India Standard Time elapsed time: 9371.098450 seconds (0d 2h 36m 11s)

---------------  T H R E A D  ---------------

Current thread (0x0000016c8818e720):  JavaThread "Attach Listener" daemon [_thread_in_vm, id=17708, stack(0x0000005baec00000,0x0000005baed00000) (1024K)]

Stack: [0x0000005baec00000,0x0000005baed00000]
Native frames: (J=compiled Java code, j=interpreted, Vv=VM code, C=native code)
V  [jvm.dll+0x6d7a39]
V  [jvm.dll+0x8b4b26]
V  [jvm.dll+0x8b70de]
V  [jvm.dll+0x8b77c3]
V  [jvm.dll+0x284346]
V  [jvm.dll+0xc1277]
V  [jvm.dll+0x6d82e9]
V  [jvm.dll+0x1334a6]
V  [jvm.dll+0x3f857e]
V  [jvm.dll+0x85f59d]
V  [jvm.dll+0x6d626d]
C  [ucrtbase.dll+0x37b0]
C  [KERNEL32.DLL+0x2e8d7]
C  [ntdll.dll+0x8c48c]


---------------  P R O C E S S  ---------------

Threads class SMR info:
_java_thread_list=0x0000016ce8d07e80, length=30, elements={
0x0000016c85ea5e80, 0x0000016c88185f60, 0x0000016c88189580, 0x0000016c8818bcb0,
0x0000016c8818e720, 0x0000016c88190640, 0x0000016c88195f10, 0x0000016c881b8cc0,
0x0000016c881ec530, 0x0000016ce09d97e0, 0x0000016ce0b2e4b0, 0x0000016ce557da30,
0x0000016ce53a4a20, 0x0000016ce0a03ea0, 0x0000016ce0a048e0, 0x0000016ce5b48d00,
0x0000016ce5bdbfc0, 0x0000016ce55d9ba0, 0x0000016ce56e3fc0, 0x0000016ce56e6090,
0x0000016ce56e5a00, 0x0000016ce56e4ce0, 0x0000016ce5914860, 0x0000016ce5913b40,
0x0000016ce59141d0, 0x0000016ce5914ef0, 0x0000016ce5912e20, 0x0000016ce5915580,
0x0000016ce5915c10, 0x0000016ce59162a0
}

Java Threads: ( => current thread )
  0x0000016c85ea5e80 JavaThread "main"                              [_thread_blocked, id=11904, stack(0x0000005bae500000,0x0000005bae600000) (1024K)]
  0x0000016c88185f60 JavaThread "Reference Handler"          daemon [_thread_blocked, id=3548, stack(0x0000005bae900000,0x0000005baea00000) (1024K)]
  0x0000016c88189580 JavaThread "Finalizer"                  daemon [_thread_blocked, id=9308, stack(0x0000005baea00000,0x0000005baeb00000) (1024K)]
  0x0000016c8818bcb0 JavaThread "Signal Dispatcher"          daemon [_thread_blocked, id=20348, stack(0x0000005baeb00000,0x0000005baec00000) (1024K)]
=>0x0000016c8818e720 JavaThread "Attach Listener"            daemon [_thread_in_vm, id=17708, stack(0x0000005baec00000,0x0000005baed00000) (1024K)]
  0x0000016c88190640 JavaThread "Service Thread"             daemon [_thread_blocked, id=20668, stack(0x0000005baed00000,0x0000005baee00000) (1024K)]
  0x0000016c88195f10 JavaThread "Monitor Deflation Thread"   daemon [_thread_blocked, id=8448, stack(0x0000005baee00000,0x0000005baef00000) (1024K)]
  0x0000016c881b8cc0 JavaThread "C2 CompilerThread0"         daemon [_thread_blocked, id=20960, stack(0x0000005baef00000,0x0000005baf000000) (1024K)]
  0x0000016c881ec530 JavaThread "C1 CompilerThread0"         daemon [_thread_blocked, id=6512, stack(0x0000005baf000000,0x0000005baf100000) (1024K)]
  0x0000016ce09d97e0 JavaThread "Common-Cleaner"             daemon [_thread_blocked, id=21700, stack(0x0000005baf100000,0x0000005baf200000) (1024K)]
  0x0000016ce0b2e4b0 JavaThread "Notification Thread"        daemon [_thread_blocked, id=16552, stack(0x0000005baf200000,0x0000005baf300000) (1024K)]
  0x0000016ce557da30 JavaThread "Active Thread: Equinox Container: e312978d-f0c4-4081-815c-3a0d1d3ef679"        [_thread_blocked, id=9784, stack(0x0000005baf600000,0x0000005baf700000) (1024K)]
  0x0000016ce53a4a20 JavaThread "Refresh Thread: Equinox Container: e312978d-f0c4-4081-815c-3a0d1d3ef679" daemon [_thread_blocked, id=21208, stack(0x0000005baf700000,0x0000005baf800000) (1024K)]
  0x0000016ce0a03ea0 JavaThread "Framework Event Dispatcher: Equinox Container: e312978d-f0c4-4081-815c-3a0d1d3ef679" daemon [_thread_blocked, id=11480, stack(0x0000005baf800000,0x0000005baf900000) (1024K)]
  0x0000016ce0a048e0 JavaThread "Start Level: Equinox Container: e312978d-f0c4-4081-815c-3a0d1d3ef679" daemon [_thread_blocked, id=12116, stack(0x0000005baf900000,0x0000005bafa00000) (1024K)]
  0x0000016ce5b48d00 JavaThread "Bundle File Closer"         daemon [_thread_blocked, id=17744, stack(0x0000005bafb00000,0x0000005bafc00000) (1024K)]
  0x0000016ce5bdbfc0 JavaThread "SCR Component Actor"        daemon [_thread_blocked, id=20040, stack(0x0000005bafa00000,0x0000005bafb00000) (1024K)]
  0x0000016ce55d9ba0 JavaThread "Worker-JM"                         [_thread_blocked, id=2664, stack(0x0000005bafc00000,0x0000005bafd00000) (1024K)]
  0x0000016ce56e3fc0 JavaThread "JNA Cleaner"                daemon [_thread_blocked, id=15856, stack(0x0000005bafd00000,0x0000005bafe00000) (1024K)]
  0x0000016ce56e6090 JavaThread "Worker-0"                          [_thread_blocked, id=18180, stack(0x0000005bafe00000,0x0000005baff00000) (1024K)]
  0x0000016ce56e5a00 JavaThread "Java indexing"              daemon [_thread_blocked, id=21548, stack(0x0000005bb0200000,0x0000005bb0300000) (1024K)]
  0x0000016ce56e4ce0 JavaThread "Thread-1"                   daemon [_thread_in_native, id=20772, stack(0x0000005bb0700000,0x0000005bb0800000) (1024K)]
  0x0000016ce5914860 JavaThread "Thread-2"                   daemon [_thread_in_native, id=1360, stack(0x0000005bb0800000,0x0000005bb0900000) (1024K)]
  0x0000016ce5913b40 JavaThread "Thread-3"                   daemon [_thread_in_native, id=6380, stack(0x0000005bb0900000,0x0000005bb0a00000) (1024K)]
  0x0000016ce59141d0 JavaThread "Thread-4"                   daemon [_thread_in_native, id=5036, stack(0x0000005bb0a00000,0x0000005bb0b00000) (1024K)]
  0x0000016ce5914ef0 JavaThread "Thread-5"                   daemon [_thread_in_native, id=2688, stack(0x0000005bb0b00000,0x0000005bb0c00000) (1024K)]
  0x0000016ce5912e20 JavaThread "pool-2-thread-1"                   [_thread_blocked, id=11036, stack(0x0000005bb0c00000,0x0000005bb0d00000) (1024K)]
  0x0000016ce5915580 JavaThread "WorkspaceEventsHandler"            [_thread_blocked, id=13216, stack(0x0000005bb0d00000,0x0000005bb0e00000) (1024K)]
  0x0000016ce5915c10 JavaThread "pool-1-thread-1"                   [_thread_blocked, id=6712, stack(0x0000005bb0e00000,0x0000005bb0f00000) (1024K)]
  0x0000016ce59162a0 JavaThread "Worker-6"                          [_thread_blocked, id=21012, stack(0x0000005baff00000,0x0000005bb0000000) (1024K)]
Total: 30

Other Threads:
  0x0000016c88336980 VMThread "VM Thread"                           [id=21420, stack(0x0000005bae800000,0x0000005bae900000) (1024K)]
  0x0000016c88304e90 WatcherThread "VM Periodic Task Thread"        [id=6444, stack(0x0000005bae700000,0x0000005bae800000) (1024K)]
  0x0000016c882b4f10 WorkerThread "GC Thread#0"                     [id=16624, stack(0x0000005bae600000,0x0000005bae700000) (1024K)]
  0x0000016ce5571160 WorkerThread "GC Thread#1"                     [id=14180, stack(0x0000005baf300000,0x0000005baf400000) (1024K)]
  0x0000016ce5571510 WorkerThread "GC Thread#2"                     [id=3772, stack(0x0000005baf400000,0x0000005baf500000) (1024K)]
  0x0000016ce5441780 WorkerThread "GC Thread#3"                     [id=9540, stack(0x0000005baf500000,0x0000005baf600000) (1024K)]
Total: 6

Threads with active compile tasks:
Total: 0

VM state: not at safepoint (normal execution)

VM Mutex/Monitor currently owned by a thread: None

Heap address: 0x0000000080000000, size: 2048 MB, Compressed Oops mode: 32-bit

CDS archive(s) mapped at: [0x0000016c9f000000-0x0000016c9fba0000-0x0000016c9fba0000), size 12189696, SharedBaseAddress: 0x0000016c9f000000, ArchiveRelocationMode: 1.
Compressed class space mapped at: 0x0000016ca0000000-0x0000016ce0000000, reserved size: 1073741824
Narrow klass base: 0x0000016c9f000000, Narrow klass shift: 0, Narrow klass range: 0x100000000

GC Precious Log:
 CardTable entry size: 512
 CPUs: 4 total, 4 available
 Memory: 7834M
 Large Page Support: Disabled
 NUMA Support: Disabled
 Compressed Oops: Enabled (32-bit)
 Alignments: Space 512K, Generation 512K, Heap 2M
 Heap Min Capacity: 100M
 Heap Initial Capacity: 100M
 Heap Max Capacity: 2G
 Pre-touch: Disabled
 Parallel Workers: 4

Heap:
 PSYoungGen      total 13824K, used 10262K [0x00000000d5580000, 0x00000000d6780000, 0x0000000100000000)
  eden space 12288K, 73% used [0x00000000d5580000,0x00000000d5e45ba8,0x00000000d6180000)
  from space 1536K, 83% used [0x00000000d6600000,0x00000000d6740020,0x00000000d6780000)
  to   space 2560K, 0% used [0x00000000d6280000,0x00000000d6280000,0x00000000d6500000)
 ParOldGen       total 103424K, used 102816K [0x0000000080000000, 0x0000000086500000, 0x00000000d5580000)
  object space 103424K, 99% used [0x0000000080000000,0x00000000864683c8,0x0000000086500000)
 Metaspace       used 64817K, committed 66368K, reserved 1114112K
  class space    used 6889K, committed 7552K, reserved 1048576K

Card table byte_map: [0x0000016c87c30000,0x0000016c88040000] _byte_map_base: 0x0000016c87830000

Marking Bits: (ParMarkBitMap*) 0x00007ff833d53450
 Begin Bits: [0x0000016c9a740000, 0x0000016c9c740000)
 End Bits:   [0x0000016c9c740000, 0x0000016c9e740000)

Polling page: 0x0000016c86320000

Metaspace:

Usage:
  Non-class:     56.57 MB used.
      Class:      6.73 MB used.
       Both:     63.30 MB used.

Virtual space:
  Non-class space:       64.00 MB reserved,      57.44 MB ( 90%) committed,  1 nodes.
      Class space:        1.00 GB reserved,       7.38 MB ( <1%) committed,  1 nodes.
             Both:        1.06 GB reserved,      64.81 MB (  6%) committed. 

Chunk freelists:
   Non-Class:  5.89 MB
       Class:  8.57 MB
        Both:  14.46 MB

MaxMetaspaceSize: unlimited
CompressedClassSpaceSize: 1.00 GB
Initial GC threshold: 21.00 MB
Current GC threshold: 98.12 MB
CDS: on
 - commit_granule_bytes: 65536.
 - commit_granule_words: 8192.
 - virtual_space_node_default_size: 8388608.
 - enlarge_chunks_in_place: 1.
 - use_allocation_guard: 0.


Internal statistics:

num_allocs_failed_limit: 13.
num_arena_births: 1300.
num_arena_deaths: 16.
num_vsnodes_births: 2.
num_vsnodes_deaths: 0.
num_space_committed: 1037.
num_space_uncommitted: 0.
num_chunks_returned_to_freelist: 29.
num_chunks_taken_from_freelist: 4514.
num_chunk_merges: 15.
num_chunk_splits: 2685.
num_chunks_enlarged: 1392.
num_inconsistent_stats: 0.

CodeHeap 'non-profiled nmethods': size=120000Kb used=7906Kb max_used=7906Kb free=112093Kb
 bounds [0x0000016c92f60000, 0x0000016c93720000, 0x0000016c9a490000]
CodeHeap 'profiled nmethods': size=120000Kb used=25200Kb max_used=25200Kb free=94799Kb
 bounds [0x0000016c8b490000, 0x0000016c8cd30000, 0x0000016c929c0000]
CodeHeap 'non-nmethods': size=5760Kb used=1432Kb max_used=1486Kb free=4327Kb
 bounds [0x0000016c929c0000, 0x0000016c92c30000, 0x0000016c92f60000]
CodeCache: size=245760Kb, used=34538Kb, max_used=34592Kb, free=211219Kb
 total_blobs=11876, nmethods=11139, adapters=643, full_count=0
Compilation: enabled, stopped_count=0, restarted_count=0

Compilation events (20 events):
Event: 6955.352 Thread 0x0000016c881ec530 11948       3       java.util.logging.LogManager::demandLogger (53 bytes)
Event: 6955.353 Thread 0x0000016c881ec530 nmethod 11948 0x0000016c8cd23790 code [0x0000016c8cd239c0, 0x0000016c8cd24018]
Event: 7393.324 Thread 0x0000016c881ec530 11949   !   3       org.eclipse.osgi.container.ModuleDatabase::getTimestamp (25 bytes)
Event: 7393.335 Thread 0x0000016c881ec530 nmethod 11949 0x0000016c8cd24290 code [0x0000016c8cd244e0, 0x0000016c8cd24e28]
Event: 7513.348 Thread 0x0000016c881ec530 11950       3       org.eclipse.osgi.storage.Storage::isReadOnly (10 bytes)
Event: 7513.351 Thread 0x0000016c881ec530 nmethod 11950 0x0000016c8cd25290 code [0x0000016c8cd25440, 0x0000016c8cd255c0]
Event: 7517.870 Thread 0x0000016c881ec530 11951       1       org.eclipse.core.internal.jobs.JobManager::getLockManager (5 bytes)
Event: 7517.872 Thread 0x0000016c881ec530 nmethod 11951 0x0000016c93718590 code [0x0000016c93718720, 0x0000016c937187e8]
Event: 7693.395 Thread 0x0000016c881ec530 11952   !   3       org.eclipse.osgi.internal.framework.StorageSaver$StorageSaverTask::run (31 bytes)
Event: 7693.402 Thread 0x0000016c881ec530 nmethod 11952 0x0000016c8cd25690 code [0x0000016c8cd25860, 0x0000016c8cd25b00]
Event: 7693.402 Thread 0x0000016c881ec530 11953   !   3       org.eclipse.osgi.storage.Storage::save (62 bytes)
Event: 7693.403 Thread 0x0000016c881ec530 nmethod 11953 0x0000016c8cd25c90 code [0x0000016c8cd25e80, 0x0000016c8cd261f0]
Event: 7693.403 Thread 0x0000016c881ec530 11954   !   3       org.eclipse.osgi.storage.Storage::save0 (246 bytes)
Event: 7693.412 Thread 0x0000016c881ec530 nmethod 11954 0x0000016c8cd26390 code [0x0000016c8cd268a0, 0x0000016c8cd29488]
Event: 8605.776 Thread 0x0000016c881ec530 11955       3       java.util.logging.Logger::getLogger (8 bytes)
Event: 8605.776 Thread 0x0000016c881ec530 nmethod 11955 0x0000016c8cd2aa10 code [0x0000016c8cd2abe0, 0x0000016c8cd2ada0]
Event: 8605.776 Thread 0x0000016c881ec530 11956       3       java.util.logging.Logger::getLogger (7 bytes)
Event: 8605.777 Thread 0x0000016c881ec530 nmethod 11956 0x0000016c8cd2ae90 code [0x0000016c8cd2b040, 0x0000016c8cd2b168]
Event: 8605.777 Thread 0x0000016c881ec530 11957       3       java.util.logging.Logger::demandLogger (36 bytes)
Event: 8605.778 Thread 0x0000016c881ec530 nmethod 11957 0x0000016c8cd2b210 code [0x0000016c8cd2b4a0, 0x0000016c8cd2bf50]

GC Heap History (20 events):
Event: 40.662 GC heap before
{Heap before GC invocations=88 (full 3):
 PSYoungGen      total 13312K, used 12793K [0x00000000d5580000, 0x00000000d6500000, 0x0000000100000000)
  eden space 12800K, 99% used [0x00000000d5580000,0x00000000d61fe430,0x00000000d6200000)
  from space 512K, 0% used [0x00000000d6480000,0x00000000d6480000,0x00000000d6500000)
  to   space 1024K, 0% used [0x00000000d6300000,0x00000000d6300000,0x00000000d6400000)
 ParOldGen       total 79872K, used 64068K [0x0000000080000000, 0x0000000084e00000, 0x00000000d5580000)
  object space 79872K, 80% used [0x0000000080000000,0x0000000083e91348,0x0000000084e00000)
 Metaspace       used 59852K, committed 61312K, reserved 1114112K
  class space    used 6402K, committed 6976K, reserved 1048576K
}
Event: 40.664 GC heap after
{Heap after GC invocations=88 (full 3):
 PSYoungGen      total 13824K, used 566K [0x00000000d5580000, 0x00000000d6500000, 0x0000000100000000)
  eden space 12800K, 0% used [0x00000000d5580000,0x00000000d5580000,0x00000000d6200000)
  from space 1024K, 55% used [0x00000000d6300000,0x00000000d638dbc0,0x00000000d6400000)
  to   space 1024K, 0% used [0x00000000d6400000,0x00000000d6400000,0x00000000d6500000)
 ParOldGen       total 79872K, used 64076K [0x0000000080000000, 0x0000000084e00000, 0x00000000d5580000)
  object space 79872K, 80% used [0x0000000080000000,0x0000000083e93348,0x0000000084e00000)
 Metaspace       used 59852K, committed 61312K, reserved 1114112K
  class space    used 6402K, committed 6976K, reserved 1048576K
}
Event: 40.741 GC heap before
{Heap before GC invocations=89 (full 3):
 PSYoungGen      total 13824K, used 13366K [0x00000000d5580000, 0x00000000d6500000, 0x0000000100000000)
  eden space 12800K, 100% used [0x00000000d5580000,0x00000000d6200000,0x00000000d6200000)
  from space 1024K, 55% used [0x00000000d6300000,0x00000000d638dbc0,0x00000000d6400000)
  to   space 1024K, 0% used [0x00000000d6400000,0x00000000d6400000,0x00000000d6500000)
 ParOldGen       total 79872K, used 64076K [0x0000000080000000, 0x0000000084e00000, 0x00000000d5580000)
  object space 79872K, 80% used [0x0000000080000000,0x0000000083e93348,0x0000000084e00000)
 Metaspace       used 59999K, committed 61504K, reserved 1114112K
  class space    used 6412K, committed 7040K, reserved 1048576K
}
Event: 40.743 GC heap after
{Heap after GC invocations=89 (full 3):
 PSYoungGen      total 13312K, used 1001K [0x00000000d5580000, 0x00000000d6700000, 0x0000000100000000)
  eden space 12288K, 0% used [0x00000000d5580000,0x00000000d5580000,0x00000000d6180000)
  from space 1024K, 97% used [0x00000000d6400000,0x00000000d64fa618,0x00000000d6500000)
  to   space 2560K, 0% used [0x00000000d6180000,0x00000000d6180000,0x00000000d6400000)
 ParOldGen       total 79872K, used 65017K [0x0000000080000000, 0x0000000084e00000, 0x00000000d5580000)
  object space 79872K, 81% used [0x0000000080000000,0x0000000083f7e4c0,0x0000000084e00000)
 Metaspace       used 59999K, committed 61504K, reserved 1114112K
  class space    used 6412K, committed 7040K, reserved 1048576K
}
Event: 40.908 GC heap before
{Heap before GC invocations=90 (full 3):
 PSYoungGen      total 13312K, used 13289K [0x00000000d5580000, 0x00000000d6700000, 0x0000000100000000)
  eden space 12288K, 100% used [0x00000000d5580000,0x00000000d6180000,0x00000000d6180000)
  from space 1024K, 97% used [0x00000000d6400000,0x00000000d64fa618,0x00000000d6500000)
  to   space 2560K, 0% used [0x00000000d6180000,0x00000000d6180000,0x00000000d6400000)
 ParOldGen       total 79872K, used 65017K [0x0000000080000000, 0x0000000084e00000, 0x00000000d5580000)
  object space 79872K, 81% used [0x0000000080000000,0x0000000083f7e4c0,0x0000000084e00000)
 Metaspace       used 60045K, committed 61504K, reserved 1114112K
  class space    used 6412K, committed 7040K, reserved 1048576K
}
Event: 40.910 GC heap after
{Heap after GC invocations=90 (full 3):
 PSYoungGen      total 13824K, used 1385K [0x00000000d5580000, 0x00000000d6580000, 0x0000000100000000)
  eden space 12288K, 0% used [0x00000000d5580000,0x00000000d5580000,0x00000000d6180000)
  from space 1536K, 90% used [0x00000000d6180000,0x00000000d62da6f8,0x00000000d6300000)
  to   space 2048K, 0% used [0x00000000d6380000,0x00000000d6380000,0x00000000d6580000)
 ParOldGen       total 79872K, used 65494K [0x0000000080000000, 0x0000000084e00000, 0x00000000d5580000)
  object space 79872K, 81% used [0x0000000080000000,0x0000000083ff5b10,0x0000000084e00000)
 Metaspace       used 60045K, committed 61504K, reserved 1114112K
  class space    used 6412K, committed 7040K, reserved 1048576K
}
Event: 40.973 GC heap before
{Heap before GC invocations=91 (full 3):
 PSYoungGen      total 13824K, used 13538K [0x00000000d5580000, 0x00000000d6580000, 0x0000000100000000)
  eden space 12288K, 98% used [0x00000000d5580000,0x00000000d615e200,0x00000000d6180000)
  from space 1536K, 90% used [0x00000000d6180000,0x00000000d62da6f8,0x00000000d6300000)
  to   space 2048K, 0% used [0x00000000d6380000,0x00000000d6380000,0x00000000d6580000)
 ParOldGen       total 79872K, used 65494K [0x0000000080000000, 0x0000000084e00000, 0x00000000d5580000)
  object space 79872K, 81% used [0x0000000080000000,0x0000000083ff5b10,0x0000000084e00000)
 Metaspace       used 60057K, committed 61504K, reserved 1114112K
  class space    used 6412K, committed 7040K, reserved 1048576K
}
Event: 40.975 GC heap after
{Heap after GC invocations=91 (full 3):
 PSYoungGen      total 13824K, used 1363K [0x00000000d5580000, 0x00000000d6500000, 0x0000000100000000)
  eden space 12288K, 0% used [0x00000000d5580000,0x00000000d5580000,0x00000000d6180000)
  from space 1536K, 88% used [0x00000000d6380000,0x00000000d64d4de8,0x00000000d6500000)
  to   space 1536K, 0% used [0x00000000d6180000,0x00000000d6180000,0x00000000d6300000)
 ParOldGen       total 79872K, used 65974K [0x0000000080000000, 0x0000000084e00000, 0x00000000d5580000)
  object space 79872K, 82% used [0x0000000080000000,0x000000008406db40,0x0000000084e00000)
 Metaspace       used 60057K, committed 61504K, reserved 1114112K
  class space    used 6412K, committed 7040K, reserved 1048576K
}
Event: 50.813 GC heap before
{Heap before GC invocations=92 (full 3):
 PSYoungGen      total 13824K, used 13651K [0x00000000d5580000, 0x00000000d6500000, 0x0000000100000000)
  eden space 12288K, 100% used [0x00000000d5580000,0x00000000d6180000,0x00000000d6180000)
  from space 1536K, 88% used [0x00000000d6380000,0x00000000d64d4de8,0x00000000d6500000)
  to   space 1536K, 0% used [0x00000000d6180000,0x00000000d6180000,0x00000000d6300000)
 ParOldGen       total 79872K, used 65974K [0x0000000080000000, 0x0000000084e00000, 0x00000000d5580000)
  object space 79872K, 82% used [0x0000000080000000,0x000000008406db40,0x0000000084e00000)
 Metaspace       used 61632K, committed 63168K, reserved 1114112K
  class space    used 6566K, committed 7232K, reserved 1048576K
}
Event: 50.817 GC heap after
{Heap after GC invocations=92 (full 3):
 PSYoungGen      total 13824K, used 928K [0x00000000d5580000, 0x00000000d6480000, 0x0000000100000000)
  eden space 12288K, 0% used [0x00000000d5580000,0x00000000d5580000,0x00000000d6180000)
  from space 1536K, 60% used [0x00000000d6180000,0x00000000d6268030,0x00000000d6300000)
  to   space 1536K, 0% used [0x00000000d6300000,0x00000000d6300000,0x00000000d6480000)
 ParOldGen       total 79872K, used 66302K [0x0000000080000000, 0x0000000084e00000, 0x00000000d5580000)
  object space 79872K, 83% used [0x0000000080000000,0x00000000840bfb40,0x0000000084e00000)
 Metaspace       used 61632K, committed 63168K, reserved 1114112K
  class space    used 6566K, committed 7232K, reserved 1048576K
}
Event: 931.864 GC heap before
{Heap before GC invocations=93 (full 3):
 PSYoungGen      total 13824K, used 13216K [0x00000000d5580000, 0x00000000d6480000, 0x0000000100000000)
  eden space 12288K, 100% used [0x00000000d5580000,0x00000000d6180000,0x00000000d6180000)
  from space 1536K, 60% used [0x00000000d6180000,0x00000000d6268030,0x00000000d6300000)
  to   space 1536K, 0% used [0x00000000d6300000,0x00000000d6300000,0x00000000d6480000)
 ParOldGen       total 79872K, used 66302K [0x0000000080000000, 0x0000000084e00000, 0x00000000d5580000)
  object space 79872K, 83% used [0x0000000080000000,0x00000000840bfb40,0x0000000084e00000)
 Metaspace       used 62933K, committed 64448K, reserved 1114112K
  class space    used 6711K, committed 7360K, reserved 1048576K
}
Event: 931.919 GC heap after
{Heap after GC invocations=93 (full 3):
 PSYoungGen      total 13312K, used 665K [0x00000000d5580000, 0x00000000d6400000, 0x0000000100000000)
  eden space 12288K, 0% used [0x00000000d5580000,0x00000000d5580000,0x00000000d6180000)
  from space 1024K, 64% used [0x00000000d6300000,0x00000000d63a6490,0x00000000d6400000)
  to   space 1024K, 0% used [0x00000000d6200000,0x00000000d6200000,0x00000000d6300000)
 ParOldGen       total 79872K, used 67190K [0x0000000080000000, 0x0000000084e00000, 0x00000000d5580000)
  object space 79872K, 84% used [0x0000000080000000,0x000000008419db70,0x0000000084e00000)
 Metaspace       used 62933K, committed 64448K, reserved 1114112K
  class space    used 6711K, committed 7360K, reserved 1048576K
}
Event: 932.084 GC heap before
{Heap before GC invocations=94 (full 3):
 PSYoungGen      total 13312K, used 12953K [0x00000000d5580000, 0x00000000d6400000, 0x0000000100000000)
  eden space 12288K, 100% used [0x00000000d5580000,0x00000000d6180000,0x00000000d6180000)
  from space 1024K, 64% used [0x00000000d6300000,0x00000000d63a6490,0x00000000d6400000)
  to   space 1024K, 0% used [0x00000000d6200000,0x00000000d6200000,0x00000000d6300000)
 ParOldGen       total 79872K, used 67190K [0x0000000080000000, 0x0000000084e00000, 0x00000000d5580000)
  object space 79872K, 84% used [0x0000000080000000,0x000000008419db70,0x0000000084e00000)
 Metaspace       used 63309K, committed 64896K, reserved 1114112K
  class space    used 6774K, committed 7424K, reserved 1048576K
}
Event: 932.091 GC heap after
{Heap after GC invocations=94 (full 3):
 PSYoungGen      total 13312K, used 1024K [0x00000000d5580000, 0x00000000d6780000, 0x0000000100000000)
  eden space 12288K, 0% used [0x00000000d5580000,0x00000000d5580000,0x00000000d6180000)
  from space 1024K, 100% used [0x00000000d6200000,0x00000000d6300000,0x00000000d6300000)
  to   space 3072K, 0% used [0x00000000d6480000,0x00000000d6480000,0x00000000d6780000)
 ParOldGen       total 79872K, used 68484K [0x0000000080000000, 0x0000000084e00000, 0x00000000d5580000)
  object space 79872K, 85% used [0x0000000080000000,0x00000000842e1210,0x0000000084e00000)
 Metaspace       used 63309K, committed 64896K, reserved 1114112K
  class space    used 6774K, committed 7424K, reserved 1048576K
}
Event: 932.334 GC heap before
{Heap before GC invocations=95 (full 3):
 PSYoungGen      total 13312K, used 13312K [0x00000000d5580000, 0x00000000d6780000, 0x0000000100000000)
  eden space 12288K, 100% used [0x00000000d5580000,0x00000000d6180000,0x00000000d6180000)
  from space 1024K, 100% used [0x00000000d6200000,0x00000000d6300000,0x00000000d6300000)
  to   space 3072K, 0% used [0x00000000d6480000,0x00000000d6480000,0x00000000d6780000)
 ParOldGen       total 103424K, used 99204K [0x0000000080000000, 0x0000000086500000, 0x00000000d5580000)
  object space 103424K, 95% used [0x0000000080000000,0x00000000860e1240,0x0000000086500000)
 Metaspace       used 63997K, committed 65664K, reserved 1114112K
  class space    used 6848K, committed 7552K, reserved 1048576K
}
Event: 932.336 GC heap after
{Heap after GC invocations=95 (full 3):
 PSYoungGen      total 13824K, used 1082K [0x00000000d5580000, 0x00000000d6600000, 0x0000000100000000)
  eden space 12288K, 0% used [0x00000000d5580000,0x00000000d5580000,0x00000000d6180000)
  from space 1536K, 70% used [0x00000000d6480000,0x00000000d658e8c8,0x00000000d6600000)
  to   space 1536K, 0% used [0x00000000d6300000,0x00000000d6300000,0x00000000d6480000)
 ParOldGen       total 103424K, used 100108K [0x0000000080000000, 0x0000000086500000, 0x00000000d5580000)
  object space 103424K, 96% used [0x0000000080000000,0x00000000861c3240,0x0000000086500000)
 Metaspace       used 63997K, committed 65664K, reserved 1114112K
  class space    used 6848K, committed 7552K, reserved 1048576K
}
Event: 1212.949 GC heap before
{Heap before GC invocations=96 (full 3):
 PSYoungGen      total 13824K, used 13370K [0x00000000d5580000, 0x00000000d6600000, 0x0000000100000000)
  eden space 12288K, 100% used [0x00000000d5580000,0x00000000d6180000,0x00000000d6180000)
  from space 1536K, 70% used [0x00000000d6480000,0x00000000d658e8c8,0x00000000d6600000)
  to   space 1536K, 0% used [0x00000000d6300000,0x00000000d6300000,0x00000000d6480000)
 ParOldGen       total 103424K, used 100108K [0x0000000080000000, 0x0000000086500000, 0x00000000d5580000)
  object space 103424K, 96% used [0x0000000080000000,0x00000000861c3240,0x0000000086500000)
 Metaspace       used 64305K, committed 65920K, reserved 1114112K
  class space    used 6860K, committed 7552K, reserved 1048576K
}
Event: 1212.962 GC heap after
{Heap after GC invocations=96 (full 3):
 PSYoungGen      total 13824K, used 1531K [0x00000000d5580000, 0x00000000d6a80000, 0x0000000100000000)
  eden space 12288K, 0% used [0x00000000d5580000,0x00000000d5580000,0x00000000d6180000)
  from space 1536K, 99% used [0x00000000d6300000,0x00000000d647ee58,0x00000000d6480000)
  to   space 4608K, 0% used [0x00000000d6600000,0x00000000d6600000,0x00000000d6a80000)
 ParOldGen       total 103424K, used 102604K [0x0000000080000000, 0x0000000086500000, 0x00000000d5580000)
  object space 103424K, 99% used [0x0000000080000000,0x00000000864331b8,0x0000000086500000)
 Metaspace       used 64305K, committed 65920K, reserved 1114112K
  class space    used 6860K, committed 7552K, reserved 1048576K
}
Event: 3450.399 GC heap before
{Heap before GC invocations=97 (full 3):
 PSYoungGen      total 13824K, used 13819K [0x00000000d5580000, 0x00000000d6a80000, 0x0000000100000000)
  eden space 12288K, 100% used [0x00000000d5580000,0x00000000d6180000,0x00000000d6180000)
  from space 1536K, 99% used [0x00000000d6300000,0x00000000d647ee58,0x00000000d6480000)
  to   space 4608K, 0% used [0x00000000d6600000,0x00000000d6600000,0x00000000d6a80000)
 ParOldGen       total 103424K, used 102604K [0x0000000080000000, 0x0000000086500000, 0x00000000d5580000)
  object space 103424K, 99% used [0x0000000080000000,0x00000000864331b8,0x0000000086500000)
 Metaspace       used 64706K, committed 66240K, reserved 1114112K
  class space    used 6889K, committed 7552K, reserved 1048576K
}
Event: 3450.410 GC heap after
{Heap after GC invocations=97 (full 3):
 PSYoungGen      total 13824K, used 1280K [0x00000000d5580000, 0x00000000d6780000, 0x0000000100000000)
  eden space 12288K, 0% used [0x00000000d5580000,0x00000000d5580000,0x00000000d6180000)
  from space 1536K, 83% used [0x00000000d6600000,0x00000000d6740020,0x00000000d6780000)
  to   space 2560K, 0% used [0x00000000d6280000,0x00000000d6280000,0x00000000d6500000)
 ParOldGen       total 103424K, used 102816K [0x0000000080000000, 0x0000000086500000, 0x00000000d5580000)
  object space 103424K, 99% used [0x0000000080000000,0x00000000864683c8,0x0000000086500000)
 Metaspace       used 64706K, committed 66240K, reserved 1114112K
  class space    used 6889K, committed 7552K, reserved 1048576K
}

Dll operation events (10 events):
Event: 0.036 Loaded shared library c:\Users\pilla\.vscode\extensions\redhat.java-1.53.0-win32-x64\jre\21.0.10-win32-x86_64\bin\java.dll
Event: 1.172 Loaded shared library c:\Users\pilla\.vscode\extensions\redhat.java-1.53.0-win32-x64\jre\21.0.10-win32-x86_64\bin\zip.dll
Event: 1.303 Loaded shared library C:\Users\pilla\.vscode\extensions\redhat.java-1.53.0-win32-x64\jre\21.0.10-win32-x86_64\bin\instrument.dll
Event: 1.414 Loaded shared library C:\Users\pilla\.vscode\extensions\redhat.java-1.53.0-win32-x64\jre\21.0.10-win32-x86_64\bin\net.dll
Event: 1.424 Loaded shared library C:\Users\pilla\.vscode\extensions\redhat.java-1.53.0-win32-x64\jre\21.0.10-win32-x86_64\bin\nio.dll
Event: 1.443 Loaded shared library C:\Users\pilla\.vscode\extensions\redhat.java-1.53.0-win32-x64\jre\21.0.10-win32-x86_64\bin\zip.dll
Event: 1.995 Loaded shared library C:\Users\pilla\.vscode\extensions\redhat.java-1.53.0-win32-x64\jre\21.0.10-win32-x86_64\bin\jimage.dll
Event: 4.854 Loaded shared library c:\Users\pilla\.vscode\extensions\redhat.java-1.53.0-win32-x64\jre\21.0.10-win32-x86_64\bin\verify.dll
Event: 12.564 Loaded shared library C:\Users\pilla\AppData\Roaming\Code\User\globalStorage\redhat.java\1.53.0\config_win\org.eclipse.equinox.launcher\org.eclipse.equinox.launcher.win32.win32.x86_64_1.3.0.v20260203-2149\eclipse_11919.dll
Event: 17.479 Loaded shared library C:\Users\pilla\AppData\Local\Temp\jna-106669640\jna7636123731512799661.dll

Deoptimization events (20 events):
Event: 1231.514 Thread 0x0000016ce59162a0 DEOPT PACKING pc=0x0000016c9362ce74 sp=0x0000005bafffef30
Event: 1231.514 Thread 0x0000016ce59162a0 DEOPT UNPACKING pc=0x0000016c92a16da2 sp=0x0000005bafffeed8 mode 2
Event: 1231.514 Thread 0x0000016ce59162a0 Uncommon trap: trap_request=0xffffffde fr.pc=0x0000016c9362ce74 relative=0x00000000000003b4
Event: 1231.514 Thread 0x0000016ce59162a0 Uncommon trap: reason=class_check action=maybe_recompile pc=0x0000016c9362ce74 method=java.io.DataOutputStream.writeInt(I)V @ 19 c2
Event: 1231.514 Thread 0x0000016ce59162a0 DEOPT PACKING pc=0x0000016c9362ce74 sp=0x0000005bafffe920
Event: 1231.514 Thread 0x0000016ce59162a0 DEOPT UNPACKING pc=0x0000016c92a16da2 sp=0x0000005bafffe8c8 mode 2
Event: 3750.302 Thread 0x0000016ce59162a0 DEOPT PACKING pc=0x0000016c8bcbd650 sp=0x0000005bafffe900
Event: 3750.303 Thread 0x0000016ce59162a0 DEOPT UNPACKING pc=0x0000016c92a178e2 sp=0x0000005bafffde58 mode 0
Event: 3750.304 Thread 0x0000016ce59162a0 DEOPT PACKING pc=0x0000016c8bcbd3ae sp=0x0000005bafffe900
Event: 3750.304 Thread 0x0000016ce59162a0 DEOPT UNPACKING pc=0x0000016c92a178e2 sp=0x0000005bafffde58 mode 0
Event: 3750.306 Thread 0x0000016ce59162a0 DEOPT PACKING pc=0x0000016c8bcbd3ae sp=0x0000005bafffe8b0
Event: 3750.306 Thread 0x0000016ce59162a0 DEOPT UNPACKING pc=0x0000016c92a178e2 sp=0x0000005bafffde08 mode 0
Event: 3750.307 Thread 0x0000016ce59162a0 DEOPT PACKING pc=0x0000016c8bcbd3ae sp=0x0000005bafffe940
Event: 3750.307 Thread 0x0000016ce59162a0 DEOPT UNPACKING pc=0x0000016c92a178e2 sp=0x0000005bafffde98 mode 0
Event: 3750.315 Thread 0x0000016ce59162a0 DEOPT PACKING pc=0x0000016c8bcbd3ae sp=0x0000005bafffec10
Event: 3750.315 Thread 0x0000016ce59162a0 DEOPT UNPACKING pc=0x0000016c92a178e2 sp=0x0000005bafffe168 mode 0
Event: 3750.315 Thread 0x0000016ce59162a0 DEOPT PACKING pc=0x0000016c8bcbd650 sp=0x0000005bafffec10
Event: 3750.315 Thread 0x0000016ce59162a0 DEOPT UNPACKING pc=0x0000016c92a178e2 sp=0x0000005bafffe168 mode 0
Event: 3750.316 Thread 0x0000016ce59162a0 DEOPT PACKING pc=0x0000016c8bcbd650 sp=0x0000005bafffec10
Event: 3750.316 Thread 0x0000016ce59162a0 DEOPT UNPACKING pc=0x0000016c92a178e2 sp=0x0000005bafffe168 mode 0

Classes loaded (20 events):
Event: 932.325 Loading class java/nio/BufferMismatch
Event: 932.326 Loading class java/nio/BufferMismatch done
Event: 932.326 Loading class java/nio/file/attribute/PosixFileAttributes
Event: 932.327 Loading class java/nio/file/attribute/PosixFileAttributes done
Event: 1231.429 Loading class java/util/stream/Nodes$CollectorTask$OfRef
Event: 1231.430 Loading class java/util/stream/Nodes$CollectorTask
Event: 1231.433 Loading class java/util/stream/Nodes$CollectorTask done
Event: 1231.433 Loading class java/util/stream/Nodes$CollectorTask$OfRef done
Event: 1231.448 Loading class java/util/function/LongFunction
Event: 1231.448 Loading class java/util/function/LongFunction done
Event: 1231.449 Loading class java/util/stream/Nodes$ConcNode
Event: 1231.449 Loading class java/util/stream/Nodes$AbstractConcNode
Event: 1231.450 Loading class java/util/stream/Nodes$AbstractConcNode done
Event: 1231.450 Loading class java/util/stream/Nodes$ConcNode done
Event: 1231.479 Loading class java/io/ObjectOutputStream$BlockDataOutputStream
Event: 1231.479 Loading class java/io/ObjectOutputStream$BlockDataOutputStream done
Event: 1231.479 Loading class java/io/ObjectOutputStream$HandleTable
Event: 1231.480 Loading class java/io/ObjectOutputStream$HandleTable done
Event: 1231.480 Loading class java/io/ObjectOutputStream$ReplaceTable
Event: 1231.480 Loading class java/io/ObjectOutputStream$ReplaceTable done

Classes unloaded (8 events):
Event: 19.278 Thread 0x0000016c88336980 Unloading class 0x0000016ca01b1400 'java/lang/invoke/LambdaForm$MH+0x0000016ca01b1400'
Event: 19.278 Thread 0x0000016c88336980 Unloading class 0x0000016ca01b1000 'java/lang/invoke/LambdaForm$MH+0x0000016ca01b1000'
Event: 19.278 Thread 0x0000016c88336980 Unloading class 0x0000016ca01b0c00 'java/lang/invoke/LambdaForm$MH+0x0000016ca01b0c00'
Event: 19.278 Thread 0x0000016c88336980 Unloading class 0x0000016ca01b0800 'java/lang/invoke/LambdaForm$MH+0x0000016ca01b0800'
Event: 19.278 Thread 0x0000016c88336980 Unloading class 0x0000016ca01b0400 'java/lang/invoke/LambdaForm$BMH+0x0000016ca01b0400'
Event: 19.278 Thread 0x0000016c88336980 Unloading class 0x0000016ca01b0000 'java/lang/invoke/LambdaForm$DMH+0x0000016ca01b0000'
Event: 19.278 Thread 0x0000016c88336980 Unloading class 0x0000016ca01aec00 'java/lang/invoke/LambdaForm$DMH+0x0000016ca01aec00'
Event: 38.440 Thread 0x0000016c88336980 Unloading class 0x0000016ca0659400 'java/lang/invoke/LambdaForm$DMH+0x0000016ca0659400'

Classes redefined (0 events):
No events

Internal exceptions (20 events):
Event: 931.564 Thread 0x0000016ce5912790 Exception <a 'java/io/FileNotFoundException'{0x00000000d5a6f8f0}> (0x00000000d5a6f8f0) 
thrown [s\src\hotspot\share\prims\jni.cpp, line 520]
Event: 931.564 Thread 0x0000016ce5912790 Exception <a 'java/io/FileNotFoundException'{0x00000000d5a709d8}> (0x00000000d5a709d8) 
thrown [s\src\hotspot\share\prims\jni.cpp, line 520]
Event: 931.819 Thread 0x0000016ce5912790 Exception <a 'java/lang/NoSuchMethodError'{0x00000000d60ed080}: 'java.lang.Object java.lang.invoke.DirectMethodHandle$Holder.newInvokeSpecial(java.lang.Object, java.lang.Object, int, java.lang.Object, java.lang.Object)'> (0x00000000d60ed080) 
thrown [s\src\hotspot\share\interpreter\linkResolver.cpp, line 773]
Event: 931.831 Thread 0x0000016ce5912790 Exception <a 'java/lang/NoSuchMethodError'{0x00000000d6106970}: 'java.lang.Object java.lang.invoke.DirectMethodHandle$Holder.invokeSpecial(java.lang.Object, java.lang.Object, java.lang.Object, int, java.lang.Object, java.lang.Object, java.lang.Object)'> (0x00000000d6106970) 
thrown [s\src\hotspot\share\interpreter\linkResolver.cpp, line 773]
Event: 931.832 Thread 0x0000016ce5912790 Exception <a 'java/lang/NoSuchMethodError'{0x00000000d610ecb8}: 'java.lang.Object java.lang.invoke.DirectMethodHandle$Holder.invokeStatic(java.lang.Object, java.lang.Object, int, java.lang.Object, java.lang.Object)'> (0x00000000d610ecb8) 
thrown [s\src\hotspot\share\interpreter\linkResolver.cpp, line 773]
Event: 931.921 Thread 0x0000016ce5912790 Exception <a 'java/lang/NoSuchMethodError'{0x00000000d5592970}: 'void java.lang.invoke.DirectMethodHandle$Holder.invokeStatic(java.lang.Object, int)'> (0x00000000d5592970) 
thrown [s\src\hotspot\share\interpreter\linkResolver.cpp, line 773]
Event: 932.035 Thread 0x0000016ce5912790 Exception <a 'java/io/FileNotFoundException'{0x00000000d5c98f88}> (0x00000000d5c98f88) 
thrown [s\src\hotspot\share\prims\jni.cpp, line 520]
Event: 932.035 Thread 0x0000016ce5912790 Exception <a 'java/io/FileNotFoundException'{0x00000000d5c9a220}> (0x00000000d5c9a220) 
thrown [s\src\hotspot\share\prims\jni.cpp, line 520]
Event: 932.035 Thread 0x0000016ce5912790 Exception <a 'java/io/FileNotFoundException'{0x00000000d5c9b210}> (0x00000000d5c9b210) 
thrown [s\src\hotspot\share\prims\jni.cpp, line 520]
Event: 932.059 Thread 0x0000016ce5912790 Implicit null exception at 0x0000016c9356f615 to 0x0000016c9356fc14
Event: 932.146 Thread 0x0000016ce5912790 Implicit null exception at 0x0000016c932b62c4 to 0x0000016c932b6ebc
Event: 1231.469 Thread 0x0000016ce59162a0 Exception <a 'sun/nio/fs/WindowsException'{0x00000000d5d73378}> (0x00000000d5d73378) 
thrown [s\src\hotspot\share\prims\jni.cpp, line 520]
Event: 1231.470 Thread 0x0000016ce59162a0 Exception <a 'sun/nio/fs/WindowsException'{0x00000000d5d73ea0}> (0x00000000d5d73ea0) 
thrown [s\src\hotspot\share\prims\jni.cpp, line 520]
Event: 1231.506 Thread 0x0000016ce59162a0 Exception <a 'java/lang/NoSuchMethodError'{0x00000000d5e100a8}: static [J.<clinit>()V> (0x00000000d5e100a8) 
thrown [s\src\hotspot\share\prims\jni.cpp, line 1111]
Event: 1231.516 Thread 0x0000016ce59162a0 Exception <a 'java/lang/NoSuchMethodError'{0x00000000d5e3cf30}: 'java.lang.Object java.lang.invoke.DirectMethodHandle$Holder.newInvokeSpecial(java.lang.Object, java.lang.Object, java.lang.Object, java.lang.Object, java.lang.Object, java.lang.Object, java.lang.Object, java.lang.Object)'> (0x00000000d5e3cf30) 
thrown [s\src\hotspot\share\interpreter\linkResolver.cpp, line 773]
Event: 3451.551 Thread 0x0000016ce56e6090 Exception <a 'sun/nio/fs/WindowsException'{0x00000000d5ac6e68}> (0x00000000d5ac6e68) 
thrown [s\src\hotspot\share\prims\jni.cpp, line 520]
Event: 3451.558 Thread 0x0000016ce56e6090 Exception <a 'sun/nio/fs/WindowsException'{0x00000000d5ac84e8}> (0x00000000d5ac84e8) 
thrown [s\src\hotspot\share\prims\jni.cpp, line 520]
Event: 3451.561 Thread 0x0000016ce56e6090 Exception <a 'sun/nio/fs/WindowsException'{0x00000000d5ac9b20}> (0x00000000d5ac9b20) 
thrown [s\src\hotspot\share\prims\jni.cpp, line 520]
Event: 3750.311 Thread 0x0000016ce59162a0 Exception <a 'sun/nio/fs/WindowsException'{0x00000000d5cc44c8}> (0x00000000d5cc44c8) 
thrown [s\src\hotspot\share\prims\jni.cpp, line 520]
Event: 3750.311 Thread 0x0000016ce59162a0 Exception <a 'sun/nio/fs/WindowsException'{0x00000000d5cc4fd0}> (0x00000000d5cc4fd0) 
thrown [s\src\hotspot\share\prims\jni.cpp, line 520]

ZGC Phase Switch (0 events):
No events

VM Operations (20 events):
Event: 8838.879 Executing non-safepoint VM operation: HandshakeAllThreads (HandshakeForDeflation)
Event: 8838.879 Executing non-safepoint VM operation: HandshakeAllThreads (HandshakeForDeflation) done
Event: 8838.879 Executing non-safepoint VM operation: RendezvousGCThreads
Event: 8838.879 Executing non-safepoint VM operation: RendezvousGCThreads done
Event: 8898.883 Executing non-safepoint VM operation: HandshakeAllThreads (HandshakeForDeflation)
Event: 8898.883 Executing non-safepoint VM operation: HandshakeAllThreads (HandshakeForDeflation) done
Event: 8898.884 Executing non-safepoint VM operation: RendezvousGCThreads
Event: 8898.884 Executing non-safepoint VM operation: RendezvousGCThreads done
Event: 9019.201 Executing non-safepoint VM operation: HandshakeAllThreads (HandshakeForDeflation)
Event: 9019.201 Executing non-safepoint VM operation: HandshakeAllThreads (HandshakeForDeflation) done
Event: 9019.201 Executing non-safepoint VM operation: RendezvousGCThreads
Event: 9019.201 Executing non-safepoint VM operation: RendezvousGCThreads done
Event: 9259.419 Executing non-safepoint VM operation: HandshakeAllThreads (HandshakeForDeflation)
Event: 9259.419 Executing non-safepoint VM operation: HandshakeAllThreads (HandshakeForDeflation) done
Event: 9259.419 Executing non-safepoint VM operation: RendezvousGCThreads
Event: 9259.419 Executing non-safepoint VM operation: RendezvousGCThreads done
Event: 9319.438 Executing non-safepoint VM operation: HandshakeAllThreads (HandshakeForDeflation)
Event: 9319.438 Executing non-safepoint VM operation: HandshakeAllThreads (HandshakeForDeflation) done
Event: 9319.438 Executing non-safepoint VM operation: RendezvousGCThreads
Event: 9319.438 Executing non-safepoint VM operation: RendezvousGCThreads done

Memory protections (0 events):
No events

Nmethod flushes (20 events):
Event: 38.465 Thread 0x0000016c88336980 flushing  nmethod 0x0000016c8be13390
Event: 38.465 Thread 0x0000016c88336980 flushing  nmethod 0x0000016c8be13710
Event: 38.465 Thread 0x0000016c88336980 flushing  nmethod 0x0000016c8be14090
Event: 38.465 Thread 0x0000016c88336980 flushing  nmethod 0x0000016c8be14410
Event: 38.465 Thread 0x0000016c88336980 flushing  nmethod 0x0000016c8be24b10
Event: 38.465 Thread 0x0000016c88336980 flushing  nmethod 0x0000016c8be2e590
Event: 38.465 Thread 0x0000016c88336980 flushing  nmethod 0x0000016c8be31410
Event: 38.465 Thread 0x0000016c88336980 flushing  nmethod 0x0000016c8be33b90
Event: 38.465 Thread 0x0000016c88336980 flushing  nmethod 0x0000016c8be35b90
Event: 38.465 Thread 0x0000016c88336980 flushing  nmethod 0x0000016c8be45610
Event: 38.465 Thread 0x0000016c88336980 flushing  nmethod 0x0000016c8be4b910
Event: 38.465 Thread 0x0000016c88336980 flushing  nmethod 0x0000016c8be7da10
Event: 38.465 Thread 0x0000016c88336980 flushing  nmethod 0x0000016c8be7e110
Event: 38.465 Thread 0x0000016c88336980 flushing  nmethod 0x0000016c8be7e710
Event: 38.465 Thread 0x0000016c88336980 flushing  nmethod 0x0000016c8be7f590
Event: 38.465 Thread 0x0000016c88336980 flushing  nmethod 0x0000016c8be80510
Event: 38.465 Thread 0x0000016c88336980 flushing  nmethod 0x0000016c8be84790
Event: 38.465 Thread 0x0000016c88336980 flushing  nmethod 0x0000016c8be8e390
Event: 38.465 Thread 0x0000016c88336980 flushing  nmethod 0x0000016c8be92490
Event: 38.465 Thread 0x0000016c88336980 flushing  nmethod 0x0000016c8bebee10

Events (20 events):
Event: 1003.553 Thread 0x0000016ce56e3930 Thread exited: 0x0000016ce56e3930
Event: 1003.568 Thread 0x0000016ce5912790 Thread exited: 0x0000016ce5912790
Event: 1212.701 Thread 0x0000016ce5915c10 Thread added: 0x0000016ce5912790
Event: 1212.741 Thread 0x0000016ce5912790 Thread added: 0x0000016ce5918370
Event: 1231.425 Thread 0x0000016ce59162a0 Thread added: 0x0000016ce5919090
Event: 1231.451 Thread 0x0000016ce5919090 Thread exited: 0x0000016ce5919090
Event: 1231.473 Thread 0x0000016ce59162a0 Thread added: 0x0000016ce5918a00
Event: 1231.474 Thread 0x0000016ce5918a00 Thread exited: 0x0000016ce5918a00
Event: 1273.283 Thread 0x0000016ce5912790 Thread exited: 0x0000016ce5912790
Event: 1333.291 Thread 0x0000016ce5918370 Thread exited: 0x0000016ce5918370
Event: 3450.223 Thread 0x0000016ce56e6090 Thread added: 0x0000016ce5912790
Event: 3450.476 Thread 0x0000016ce59162a0 Thread added: 0x0000016ce5916fc0
Event: 3511.654 Thread 0x0000016ce5916fc0 Thread exited: 0x0000016ce5916fc0
Event: 3511.655 Thread 0x0000016ce5912790 Thread exited: 0x0000016ce5912790
Event: 3750.294 Thread 0x0000016ce59162a0 Thread added: 0x0000016ce5912790
Event: 3750.297 Thread 0x0000016ce5912790 Thread exited: 0x0000016ce5912790
Event: 3750.314 Thread 0x0000016ce59162a0 Thread added: 0x0000016ce5912790
Event: 3750.315 Thread 0x0000016ce5912790 Thread exited: 0x0000016ce5912790
Event: 3750.327 Thread 0x0000016c881ec530 Thread added: 0x0000016ce63e1730
Event: 3750.451 Thread 0x0000016ce63e1730 Thread exited: 0x0000016ce63e1730


Dynamic libraries:
0x00007ff61db80000 - 0x00007ff61db8e000 	c:\Users\pilla\.vscode\extensions\redhat.java-1.53.0-win32-x64\jre\21.0.10-win32-x86_64\bin\java.exe
0x00007ff8f2a20000 - 0x00007ff8f2c87000 	C:\WINDOWS\SYSTEM32\ntdll.dll
0x00007ff8f0ce0000 - 0x00007ff8f0da9000 	C:\WINDOWS\System32\KERNEL32.DLL
0x00007ff8effe0000 - 0x00007ff8f03d1000 	C:\WINDOWS\System32\KERNELBASE.dll
0x00007ff8ec680000 - 0x00007ff8ec71f000 	C:\WINDOWS\SYSTEM32\apphelp.dll
0x00007ff8efda0000 - 0x00007ff8efeeb000 	C:\WINDOWS\System32\ucrtbase.dll
0x00007ff8d8850000 - 0x00007ff8d8868000 	c:\Users\pilla\.vscode\extensions\redhat.java-1.53.0-win32-x64\jre\21.0.10-win32-x86_64\bin\jli.dll
0x00007ff8f2080000 - 0x00007ff8f2245000 	C:\WINDOWS\System32\USER32.dll
0x00007ff8efef0000 - 0x00007ff8eff17000 	C:\WINDOWS\System32\win32u.dll
0x00007ff8f1420000 - 0x00007ff8f144b000 	C:\WINDOWS\System32\GDI32.dll
0x00007ff8f0550000 - 0x00007ff8f067b000 	C:\WINDOWS\System32\gdi32full.dll
0x00007ff8f0710000 - 0x00007ff8f07b3000 	C:\WINDOWS\System32\msvcp_win.dll
0x00007ff8d8830000 - 0x00007ff8d884e000 	c:\Users\pilla\.vscode\extensions\redhat.java-1.53.0-win32-x64\jre\21.0.10-win32-x86_64\bin\VCRUNTIME140.dll
0x00007ff8cd6b0000 - 0x00007ff8cd943000 	C:\WINDOWS\WinSxS\amd64_microsoft.windows.common-controls_6595b64144ccf1df_6.0.26100.8037_none_3e092faae333b53b\COMCTL32.dll
0x00007ff8f0ac0000 - 0x00007ff8f0b69000 	C:\WINDOWS\System32\msvcrt.dll
0x00007ff8f0ec0000 - 0x00007ff8f0ef1000 	C:\WINDOWS\System32\IMM32.DLL
0x00007ff8b9560000 - 0x00007ff8b956c000 	c:\Users\pilla\.vscode\extensions\redhat.java-1.53.0-win32-x64\jre\21.0.10-win32-x86_64\bin\vcruntime140_1.dll
0x00007ff862560000 - 0x00007ff8625ed000 	c:\Users\pilla\.vscode\extensions\redhat.java-1.53.0-win32-x64\jre\21.0.10-win32-x86_64\bin\msvcp140.dll
0x00007ff833090000 - 0x00007ff833e31000 	c:\Users\pilla\.vscode\extensions\redhat.java-1.53.0-win32-x64\jre\21.0.10-win32-x86_64\bin\server\jvm.dll
0x00007ff8f0c20000 - 0x00007ff8f0cdb000 	C:\WINDOWS\System32\ADVAPI32.dll
0x00007ff8f1620000 - 0x00007ff8f16c7000 	C:\WINDOWS\System32\sechost.dll
0x00007ff8f16f0000 - 0x00007ff8f1808000 	C:\WINDOWS\System32\RPCRT4.dll
0x00007ff8f0b70000 - 0x00007ff8f0be4000 	C:\WINDOWS\System32\WS2_32.dll
0x00007ff8ef160000 - 0x00007ff8ef1be000 	C:\WINDOWS\SYSTEM32\POWRPROF.dll
0x00007ff8e81a0000 - 0x00007ff8e81d5000 	C:\WINDOWS\SYSTEM32\WINMM.dll
0x00007ff8dd600000 - 0x00007ff8dd60b000 	C:\WINDOWS\SYSTEM32\VERSION.dll
0x00007ff8ef140000 - 0x00007ff8ef154000 	C:\WINDOWS\SYSTEM32\UMPDC.dll
0x00007ff8ee090000 - 0x00007ff8ee0ab000 	C:\WINDOWS\SYSTEM32\kernel.appcore.dll
0x00007ff8b6290000 - 0x00007ff8b629a000 	c:\Users\pilla\.vscode\extensions\redhat.java-1.53.0-win32-x64\jre\21.0.10-win32-x86_64\bin\jimage.dll
0x00007ff8ecc10000 - 0x00007ff8ece52000 	C:\WINDOWS\SYSTEM32\DBGHELP.DLL
0x00007ff8f1810000 - 0x00007ff8f1b92000 	C:\WINDOWS\System32\combase.dll
0x00007ff8f1ce0000 - 0x00007ff8f1db7000 	C:\WINDOWS\System32\OLEAUT32.dll
0x00007ff8c74b0000 - 0x00007ff8c74eb000 	C:\WINDOWS\SYSTEM32\dbgcore.DLL
0x00007ff8ef300000 - 0x00007ff8ef3a5000 	C:\WINDOWS\System32\bcryptPrimitives.dll
0x00007ff8b51a0000 - 0x00007ff8b51af000 	c:\Users\pilla\.vscode\extensions\redhat.java-1.53.0-win32-x64\jre\21.0.10-win32-x86_64\bin\instrument.dll
0x00007ff89be70000 - 0x00007ff89be90000 	c:\Users\pilla\.vscode\extensions\redhat.java-1.53.0-win32-x64\jre\21.0.10-win32-x86_64\bin\java.dll
0x00007ff8f2250000 - 0x00007ff8f29af000 	C:\WINDOWS\System32\SHELL32.dll
0x00007ff8f03e0000 - 0x00007ff8f054a000 	C:\WINDOWS\System32\wintypes.dll
0x00007ff8ef530000 - 0x00007ff8efd94000 	C:\WINDOWS\System32\windows.storage.dll
0x00007ff8f1520000 - 0x00007ff8f1617000 	C:\WINDOWS\System32\SHCORE.dll
0x00007ff8f14b0000 - 0x00007ff8f1517000 	C:\WINDOWS\System32\shlwapi.dll
0x00007ff8ef220000 - 0x00007ff8ef249000 	C:\WINDOWS\SYSTEM32\profapi.dll
0x00007ff89ba80000 - 0x00007ff89ba98000 	c:\Users\pilla\.vscode\extensions\redhat.java-1.53.0-win32-x64\jre\21.0.10-win32-x86_64\bin\zip.dll
0x00007ff8b49c0000 - 0x00007ff8b49d0000 	C:\Users\pilla\.vscode\extensions\redhat.java-1.53.0-win32-x64\jre\21.0.10-win32-x86_64\bin\net.dll
0x00007ff8de340000 - 0x00007ff8de467000 	C:\WINDOWS\SYSTEM32\WINHTTP.dll
0x00007ff8ee600000 - 0x00007ff8ee66b000 	C:\WINDOWS\system32\mswsock.dll
0x00007ff8969a0000 - 0x00007ff8969b6000 	C:\Users\pilla\.vscode\extensions\redhat.java-1.53.0-win32-x64\jre\21.0.10-win32-x86_64\bin\nio.dll
0x00007ff8af0d0000 - 0x00007ff8af0e0000 	c:\Users\pilla\.vscode\extensions\redhat.java-1.53.0-win32-x64\jre\21.0.10-win32-x86_64\bin\verify.dll
0x00007ff87fba0000 - 0x00007ff87fbe5000 	C:\Users\pilla\AppData\Roaming\Code\User\globalStorage\redhat.java\1.53.0\config_win\org.eclipse.equinox.launcher\org.eclipse.equinox.launcher.win32.win32.x86_64_1.3.0.v20260203-2149\eclipse_11919.dll
0x00007ff8f07c0000 - 0x00007ff8f0955000 	C:\WINDOWS\System32\ole32.dll
0x00007ff8ee8e0000 - 0x00007ff8ee8fb000 	C:\WINDOWS\SYSTEM32\CRYPTSP.dll
0x00007ff8edff0000 - 0x00007ff8ee029000 	C:\WINDOWS\system32\rsaenh.dll
0x00007ff8ee6b0000 - 0x00007ff8ee6e2000 	C:\WINDOWS\SYSTEM32\USERENV.dll
0x00007ff8ef1f0000 - 0x00007ff8ef21a000 	C:\WINDOWS\SYSTEM32\bcrypt.dll
0x00007ff8ee900000 - 0x00007ff8ee90c000 	C:\WINDOWS\SYSTEM32\CRYPTBASE.dll
0x00007ff8edbd0000 - 0x00007ff8edc03000 	C:\WINDOWS\SYSTEM32\IPHLPAPI.DLL
0x00007ff8f29c0000 - 0x00007ff8f29ca000 	C:\WINDOWS\System32\NSI.dll
0x00007ff8620a0000 - 0x00007ff8620e9000 	C:\Users\pilla\AppData\Local\Temp\jna-106669640\jna7636123731512799661.dll
0x00007ff8f1450000 - 0x00007ff8f1458000 	C:\WINDOWS\System32\PSAPI.DLL
0x00007ff8dea10000 - 0x00007ff8dea2d000 	C:\WINDOWS\SYSTEM32\dhcpcsvc6.DLL
0x00007ff8de9e0000 - 0x00007ff8dea03000 	C:\WINDOWS\SYSTEM32\dhcpcsvc.DLL
0x00007ff8ee1b0000 - 0x00007ff8ee1e6000 	C:\WINDOWS\SYSTEM32\ntmarta.dll

JVMTI agents:
c:\Users\pilla\.vscode\extensions\redhat.java-1.53.0-win32-x64\lombok\lombok-1.18.39-4050.jar path:c:\Users\pilla\.vscode\extensions\redhat.java-1.53.0-win32-x64\jre\21.0.10-win32-x86_64\bin\instrument.dll, loaded, initialized, instrumentlib options:none

dbghelp: loaded successfully - version: 4.0.5 - missing functions: none
symbol engine: initialized successfully - sym options: 0x614 - pdb path: .;c:\Users\pilla\.vscode\extensions\redhat.java-1.53.0-win32-x64\jre\21.0.10-win32-x86_64\bin;C:\WINDOWS\SYSTEM32;C:\WINDOWS\WinSxS\amd64_microsoft.windows.common-controls_6595b64144ccf1df_6.0.26100.8037_none_3e092faae333b53b;c:\Users\pilla\.vscode\extensions\redhat.java-1.53.0-win32-x64\jre\21.0.10-win32-x86_64\bin\server;C:\Users\pilla\AppData\Roaming\Code\User\globalStorage\redhat.java\1.53.0\config_win\org.eclipse.equinox.launcher\org.eclipse.equinox.launcher.win32.win32.x86_64_1.3.0.v20260203-2149;C:\Users\pilla\AppData\Local\Temp\jna-106669640

VM Arguments:
jvm_args: --add-modules=ALL-SYSTEM --add-opens=java.base/java.util=ALL-UNNAMED --add-opens=java.base/java.lang=ALL-UNNAMED --add-opens=java.base/sun.nio.fs=ALL-UNNAMED -Declipse.application=org.eclipse.jdt.ls.core.id1 -Dosgi.bundles.defaultStartLevel=4 -Declipse.product=org.eclipse.jdt.ls.core.product -Djava.import.generatesMetadataFilesAtProjectRoot=false -DDetectVMInstallationsJob.disabled=true -Dfile.encoding=utf8 -XX:+UseParallelGC -XX:GCTimeRatio=4 -XX:AdaptiveSizePolicyWeight=90 -Dsun.zip.disableMemoryMapping=true -Xmx2G -Xms100m -Xlog:disable -javaagent:c:\Users\pilla\.vscode\extensions\redhat.java-1.53.0-win32-x64\lombok\lombok-1.18.39-4050.jar -XX:+HeapDumpOnOutOfMemoryError -XX:HeapDumpPath=c:\Users\pilla\AppData\Roaming\Code\User\workspaceStorage\dc355b6259923a07884fe3422ee3ed04\redhat.java -Daether.dependencyCollector.impl=bf 
java_command: c:\Users\pilla\.vscode\extensions\redhat.java-1.53.0-win32-x64\server\plugins\org.eclipse.equinox.launcher_1.7.100.v20251111-0406.jar -configuration c:\Users\pilla\AppData\Roaming\Code\User\globalStorage\redhat.java\1.53.0\config_win -data c:\Users\pilla\AppData\Roaming\Code\User\workspaceStorage\dc355b6259923a07884fe3422ee3ed04\redhat.java\jdt_ws --pipe=\\.\pipe\lsp-cd5a816abffeccf1b2ea71ff05d0b8af-sock
java_class_path (initial): c:\Users\pilla\.vscode\extensions\redhat.java-1.53.0-win32-x64\server\plugins\org.eclipse.equinox.launcher_1.7.100.v20251111-0406.jar
Launcher Type: SUN_STANDARD

[Global flags]
    uintx AdaptiveSizePolicyWeight                 = 90                                        {product} {command line}
     intx CICompilerCount                          = 3                                         {product} {ergonomic}
    uintx GCTimeRatio                              = 4                                         {product} {command line}
     bool HeapDumpOnOutOfMemoryError               = true                                   {manageable} {command line}
    ccstr HeapDumpPath                             = c:\Users\pilla\AppData\Roaming\Code\User\workspaceStorage\dc355b6259923a07884fe3422ee3ed04\redhat.java         {manageable} {command line}
   size_t InitialHeapSize                          = 104857600                                 {product} {command line}
   size_t MaxHeapSize                              = 2147483648                                {product} {command line}
   size_t MaxNewSize                               = 715653120                                 {product} {ergonomic}
   size_t MinHeapDeltaBytes                        = 524288                                    {product} {ergonomic}
   size_t MinHeapSize                              = 104857600                                 {product} {command line}
   size_t NewSize                                  = 34603008                                  {product} {ergonomic}
    uintx NonNMethodCodeHeapSize                   = 5832780                                {pd product} {ergonomic}
    uintx NonProfiledCodeHeapSize                  = 122912730                              {pd product} {ergonomic}
   size_t OldSize                                  = 70254592                                  {product} {ergonomic}
    uintx ProfiledCodeHeapSize                     = 122912730                              {pd product} {ergonomic}
    uintx ReservedCodeCacheSize                    = 251658240                              {pd product} {ergonomic}
     bool SegmentedCodeCache                       = true                                      {product} {ergonomic}
   size_t SoftMaxHeapSize                          = 2147483648                             {manageable} {ergonomic}
     bool UseCompressedOops                        = true                           {product lp64_product} {ergonomic}
     bool UseLargePagesIndividualAllocation        = false                                  {pd product} {ergonomic}
     bool UseParallelGC                            = true                                      {product} {command line}

Logging:
Log output configuration:
 #0: stdout all=off uptime,level,tags foldmultilines=false
 #1: stderr all=off uptime,level,tags foldmultilines=false

Release file:
JAVA_VERSION="21.0.10" 
MODULES="java.base java.compiler java.datatransfer java.xml java.prefs java.desktop java.instrument java.logging java.management java.security.sasl java.naming java.rmi java.management.rmi java.net.http java.scripting java.security.jgss java.transaction.xa java.sql java.sql.rowset java.xml.crypto java.se java.smartcardio jdk.accessibility jdk.internal.jvmstat jdk.attach jdk.charsets jdk.internal.opt jdk.zipfs jdk.compiler jdk.crypto.ec jdk.crypto.cryptoki jdk.crypto.mscapi jdk.dynalink jdk.internal.ed jdk.editpad jdk.hotspot.agent jdk.httpserver jdk.internal.le jdk.internal.vm.ci jdk.internal.vm.compiler jdk.internal.vm.compiler.management jdk.jartool jdk.javadoc jdk.jcmd jdk.management jdk.management.agent jdk.jconsole jdk.jdeps jdk.jdwp.agent jdk.jdi jdk.jfr jdk.jshell jdk.jsobject jdk.jstatd jdk.localedata jdk.management.jfr jdk.naming.dns jdk.naming.rmi jdk.net jdk.nio.mapmode jdk.random jdk.sctp jdk.security.auth jdk.security.jgss jdk.unsupported jdk.unsupported.desktop jdk.xml.dom" 

Environment Variables:
JAVA_HOME=C:\Program Files\Java\jdk-23
PATH=C:\Users\pilla\AppData\Local\Programs\Microsoft VS Code;C:\Program Files\Common Files\Oracle\Java\javapath;C:\Program Files (x86)\Common Files\Oracle\Java\java8path;C:\windows\system32;C:\windows;C:\windows\System32\Wbem;C:\windows\System32\WindowsPowerShell\v1.0\;C:\windows\System32\OpenSSH\;C:\Program Files (x86)\NVIDIA Corporation\PhysX\Common;C:\Program Files\CMake\bin;C:\Program Files\Java\jdk-23\bin;C:\WINDOWS\system32;C:\WINDOWS;C:\WINDOWS\System32\Wbem;C:\WINDOWS\System32\WindowsPowerShell\v1.0\;C:\WINDOWS\System32\OpenSSH\;C:\Program Files\dotnet\;C:\Program Files\Git\cmd;C:\Users\pilla\AppData\Local\nvm;C:\nvm4w\nodejs;C:\Program Files\Git\cmd;C:\Program Files\Git\bin;C:\Users\pilla\AppData\Local\Programs\Python\Python310\Scripts\;C:\Users\pilla\AppData\Local\Programs\Python\Python310\;C:\Users\pilla\AppData\Local\Programs\Python\Python312\Scripts\;C:\Program Files\MySQL\MySQL Shell 9.2\bin\;C:\Users\pilla\AppData\Local\Programs\Python\Python312\;C:\Users\pilla\AppData\Local\Microsoft\WindowsApps;C:\Users\pilla\AppData\Local\Programs\Microsoft VS Code\bin;C:\Users\pilla\AppData\Local\nvm;C:\nvm4w\nodejs;C:\Users\pilla\AppData\Local\Android\Sdk\platform-tools;C:\Users\pilla\AppData\Local\Android\Sdk\cmdline-tools\latest\bin;C:\Users\pilla\AppData\Local\Android\Sdk\build-tools;C:\gradle-9.4.0\bin\bin;C:\gradle-9.4.0\bin;C:\Users\pilla\AppData\Local\Android\Sdk\cmdline-tools\latest\bin;
USERNAME=pilla
OS=Windows_NT
PROCESSOR_IDENTIFIER=Intel64 Family 6 Model 140 Stepping 2, GenuineIntel
TMP=C:\Users\pilla\AppData\Local\Temp
TEMP=C:\Users\pilla\AppData\Local\Temp




Periodic native trim disabled

---------------  S Y S T E M  ---------------

OS:
 Windows 11 , 64 bit Build 26100 (10.0.26100.7920)
OS uptime: 0 days 14:31 hours
Hyper-V role detected

CPU: total 4 (initial active 4) (2 cores per cpu, 2 threads per core) family 6 model 140 stepping 2 microcode 0x34, cx8, cmov, fxsr, ht, mmx, 3dnowpref, sse, sse2, sse3, ssse3, sse4.1, sse4.2, popcnt, lzcnt, tsc, tscinvbit, avx, avx2, aes, erms, clmul, bmi1, bmi2, adx, avx512f, avx512dq, avx512cd, avx512bw, avx512vl, sha, fma, vzeroupper, avx512_vpopcntdq, avx512_vpclmulqdq, avx512_vaes, avx512_vnni, clflush, clflushopt, clwb, avx512_vbmi2, avx512_vbmi, hv, rdtscp, rdpid, fsrm, gfni, avx512_bitalg, f16c, cet_ibt, cet_ss, avx512_ifma
Processor Information for processor 0
  Max Mhz: 2901, Current Mhz: 1100, Mhz Limit: 2901
Processor Information for processor 1
  Max Mhz: 2901, Current Mhz: 2901, Mhz Limit: 2901
Processor Information for processor 2
  Max Mhz: 2901, Current Mhz: 2901, Mhz Limit: 2901
Processor Information for processor 3
  Max Mhz: 2901, Current Mhz: 2901, Mhz Limit: 2901

Memory: 4k page, system-wide physical 7834M (1451M free)
TotalPageFile size 31386M (AvailPageFile size 2M)
current process WorkingSet (physical memory assigned to process): 21M, peak: 311M
current process commit charge ("private bytes"): 360M, peak: 387M

vm_info: OpenJDK 64-Bit Server VM (21.0.10+7-LTS) for windows-amd64 JRE (21.0.10+7-LTS), built on 2026-01-20T00:00:00Z by "admin" with MS VC++ 17.12 (VS2022)

END.
